|SourceProjectName:Reactor Documentation.hpr
|DestinationProjectName:Reactor_Documentation.xml
About_Reactor.htm
Config_Package.htm
config_tag.htm
Configuring_an_Application.htm
Configuring_Mappings.htm
Configuring_Reactor.htm
Configuring_Relationships_in_Reactor.htm
Conventions_Used_In_This_Document.htm
Creating_Objects_with_Reactor.htm
Customizing_Reactor_Objects.htm
Database_Abstraction_Generators.htm
Database_Tables.htm
Delete_a_Record.htm
Downloading_Reactor.htm
Drawbacks_to_the_New_Fangled_Way.htm
dsn_tag.htm
Get_Started.htm
hasMany.htm
hasOne_tag.htm
Introduction.htm
link_tag.htm
liz@lizhughes.net.htm
mapping_tag.htm
mode_tag.htm
Object_Oriented_Queries.htm
object_tag.htm
objects_tag.htm
Other_Types_of_Relationships.htm
Overview.htm
password_tag.htm
project_tag.htm
reactor.config.config.htm
reactor.ReactorFactory.htm
Reactor_Package.htm
Reactor_Resources.htm
reactor_tag.htm
Reactor_Trac_Site.htm
Read_a_Record.htm
Record_Objects.htm
relate_tag.htm
Relationships_Cascade.htm
Relationships_via_Linking_Tables.htm
Sample_Applications.htm
Save_Changes_to_a_Record.htm
Supported_Database_Management_Systems_(DBMS).htm
The_New_Fangled_Way_of_Doing_Thing.htm
The_Old-Fashioned_Way_of_Doing_Things.htm
The_Reactor_Generated_Files.htm
type_tag.htm
username_tag.htm
We_re_Just_Getting_Started!.htm
What_Reactor_Is.htm
What_Reactor_Isn_t.htm
default.css
image5.gif
image13.gif
image6.gif
reactor.png
image10.gif
image11.gif
image4.gif
ehlpdhtm.js
